#
# There is insufficient memory for the Java Runtime Environment to continue.
# Native memory allocation (mmap) failed to map 117440512 bytes for G1 virtual space
# Possible reasons:
#   The system is out of physical RAM or swap space
#   The process is running with CompressedOops enabled, and the Java Heap may be blocking the growth of the native heap
# Possible solutions:
#   Reduce memory load on the system
#   Increase physical memory or swap space
#   Check if swap backing store is full
#   Decrease Java heap size (-Xmx/-Xms)
#   Decrease number of Java threads
#   Decrease Java thread stack sizes (-Xss)
#   Set larger code cache with -XX:ReservedCodeCacheSize=
#   JVM is running with Unscaled Compressed Oops mode in which the Java heap is
#     placed in the first 4GB address space. The Java Heap base address is the
#     maximum limit for the native heap growth. Please use -XX:HeapBaseMinAddress
#     to set the Java Heap base and to place the Java Heap above 4GB virtual address.
# This output file may be truncated or incomplete.
#
#  Out of Memory Error (os_windows.cpp:3600), pid=25768, tid=25732
#
# JRE version:  (21.0.2+13) (build )
# Java VM: Java HotSpot(TM) 64-Bit Server VM (21.0.2+13-LTS-58, mixed mode, sharing, tiered, compressed oops, compressed class ptrs, g1 gc, windows-amd64)
# No core dump will be written. Minidumps are not enabled by default on client versions of Windows
#

---------------  S U M M A R Y ------------

Command Line: --enable-preview -XX:+ShowCodeDetailsInExceptionMessages Assignment.Assg4.FileSize

Host: AMD Ryzen 5 3500U with Radeon Vega Mobile Gfx  , 8 cores, 6G,  Windows 10 , 64 bit Build 19041 (10.0.19041.3636)
Time: Wed Feb 14 14:49:24 2024 Malay Peninsula Standard Time elapsed time: 0.025754 seconds (0d 0h 0m 0s)

---------------  T H R E A D  ---------------

Current thread (0x000001db8502c260):  JavaThread "Unknown thread" [_thread_in_vm, id=25732, stack(0x000000b604600000,0x000000b604700000) (1024K)]

Stack: [0x000000b604600000,0x000000b604700000]
Native frames: (J=compiled Java code, j=interpreted, Vv=VM code, C=native code)
V  [jvm.dll+0x6cade9]
V  [jvm.dll+0x8569c1]
V  [jvm.dll+0x858d2e]
V  [jvm.dll+0x859413]
V  [jvm.dll+0x280e56]
V  [jvm.dll+0x6c74d5]
V  [jvm.dll+0x6bbeca]
V  [jvm.dll+0x355bca]
V  [jvm.dll+0x35d816]
V  [jvm.dll+0x3ae67e]
V  [jvm.dll+0x3ae928]
V  [jvm.dll+0x3295dc]
V  [jvm.dll+0x32a16b]
V  [jvm.dll+0x81efa9]
V  [jvm.dll+0x3bba01]
V  [jvm.dll+0x807928]
V  [jvm.dll+0x44f50e]
V  [jvm.dll+0x450e11]
C  [jli.dll+0x52a3]
C  [ucrtbase.dll+0x21bb2]
C  [KERNEL32.DLL+0x17344]
C  [ntdll.dll+0x526b1]


---------------  P R O C E S S  ---------------

Threads class SMR info:
_java_thread_list=0x00007ffd31a4bb88, length=0, elements={
}

Java Threads: ( => current thread )
Total: 0

Other Threads:
  0x000001db871f1660 WorkerThread "GC Thread#0"                     [id=7396, stack(0x000000b604700000,0x000000b604800000) (1024K)]
  0x000001db87201450 ConcurrentGCThread "G1 Main Marker"            [id=12724, stack(0x000000b604800000,0x000000b604900000) (1024K)]
  0x000001db87201f50 WorkerThread "G1 Conc#0"                       [id=19292, stack(0x000000b604900000,0x000000b604a00000) (1024K)]

[error occurred during error reporting (printing all threads), id 0xc0000005, EXCEPTION_ACCESS_VIOLATION (0xc0000005) at pc=0x00007ffd311bc6a7]
VM state: not at safepoint (not fully initialized)

VM Mutex/Monitor currently owned by a thread:  ([mutex/lock_event])
[0x00007ffd31abce68] Heap_lock - owner thread: 0x000001db8502c260

Heap address: 0x0000000091000000, size: 1776 MB, Compressed Oops mode: 32-bit

CDS archive(s) mapped at: [0x0000000000000000-0x0000000000000000-0x0000000000000000), size 0, SharedBaseAddress: 0x0000000800000000, ArchiveRelocationMode: 1.
Narrow klass base: 0x0000000000000000, Narrow klass shift: 0, Narrow klass range: 0x0

GC Precious Log:
 CardTable entry size: 512
 Card Set container configuration: InlinePtr #cards 5 size 8 Array Of Cards #cards 12 size 40 Howl #buckets 4 coarsen threshold 1843 Howl Bitmap #cards 512 size 80 coarsen threshold 460 Card regions per heap region 1 cards per card region 2048

Heap:
 garbage-first heap   total 0K, used 0K [0x0000000091000000, 0x0000000100000000)
  region size 1024K, 0 young (0K), 0 survivors (0K)

[error occurred during error reporting (printing heap information), id 0xc0000005, EXCEPTION_ACCESS_VIOLATION (0xc0000005) at pc=0x00007ffd315a39f9]
GC Heap History (0 events):
No events

Dll operation events (1 events):
Event: 0.015 Loaded shared library C:\Program Files\Java\jdk-21\bin\java.dll

Deoptimization events (0 events):
No events

Classes loaded (0 events):
No events

Classes unloaded (0 events):
No events

Classes redefined (0 events):
No events

Internal exceptions (0 events):
No events

ZGC Phase Switch (0 events):
No events

VM Operations (0 events):
No events

Events (0 events):
No events


Dynamic libraries:
0x00007ff621090000 - 0x00007ff6210a0000 	C:\Program Files\Java\jdk-21\bin\java.exe
0x00007ffd95930000 - 0x00007ffd95b28000 	C:\WINDOWS\SYSTEM32\ntdll.dll
0x00007ffd947f0000 - 0x00007ffd948ad000 	C:\WINDOWS\System32\KERNEL32.DLL
0x00007ffd93530000 - 0x00007ffd93826000 	C:\WINDOWS\System32\KERNELBASE.dll
0x00007ffd930a0000 - 0x00007ffd931a0000 	C:\WINDOWS\System32\ucrtbase.dll
0x00007ffd815c0000 - 0x00007ffd815db000 	C:\Program Files\Java\jdk-21\bin\VCRUNTIME140.dll
0x00007ffd84190000 - 0x00007ffd841a9000 	C:\Program Files\Java\jdk-21\bin\jli.dll
0x00007ffd94910000 - 0x00007ffd949bf000 	C:\WINDOWS\System32\ADVAPI32.dll
0x00007ffd94b60000 - 0x00007ffd94bfe000 	C:\WINDOWS\System32\msvcrt.dll
0x00007ffd93990000 - 0x00007ffd93a2c000 	C:\WINDOWS\System32\sechost.dll
0x00007ffd94a20000 - 0x00007ffd94b46000 	C:\WINDOWS\System32\RPCRT4.dll
0x00007ffd95720000 - 0x00007ffd958be000 	C:\WINDOWS\System32\USER32.dll
0x00007ffd7e710000 - 0x00007ffd7e9aa000 	C:\WINDOWS\WinSxS\amd64_microsoft.windows.common-controls_6595b64144ccf1df_6.0.19041.3636_none_60b6a03d71f818d5\COMCTL32.dll
0x00007ffd95590000 - 0x00007ffd955bc000 	C:\WINDOWS\System32\GDI32.dll
0x00007ffd933a0000 - 0x00007ffd933c2000 	C:\WINDOWS\System32\win32u.dll
0x00007ffd93280000 - 0x00007ffd9339a000 	C:\WINDOWS\System32\gdi32full.dll
0x00007ffd93420000 - 0x00007ffd934bd000 	C:\WINDOWS\System32\msvcp_win.dll
0x00007ffd89900000 - 0x00007ffd8990a000 	C:\WINDOWS\SYSTEM32\VERSION.dll
0x00007ffd958c0000 - 0x00007ffd958f0000 	C:\WINDOWS\System32\IMM32.DLL
0x00007ffd8e5f0000 - 0x00007ffd8e5fc000 	C:\Program Files\Java\jdk-21\bin\vcruntime140_1.dll
0x00007ffd72580000 - 0x00007ffd7260e000 	C:\Program Files\Java\jdk-21\bin\msvcp140.dll
0x00007ffd30e80000 - 0x00007ffd31b97000 	C:\Program Files\Java\jdk-21\bin\server\jvm.dll
0x00007ffd946d0000 - 0x00007ffd9473b000 	C:\WINDOWS\System32\WS2_32.dll
0x00007ffd92e70000 - 0x00007ffd92ebb000 	C:\WINDOWS\SYSTEM32\POWRPROF.dll
0x00007ffd898d0000 - 0x00007ffd898f7000 	C:\WINDOWS\SYSTEM32\WINMM.dll
0x00007ffd92e50000 - 0x00007ffd92e62000 	C:\WINDOWS\SYSTEM32\UMPDC.dll
0x00007ffd91860000 - 0x00007ffd91872000 	C:\WINDOWS\SYSTEM32\kernel.appcore.dll
0x00007ffd8dc40000 - 0x00007ffd8dc4a000 	C:\Program Files\Java\jdk-21\bin\jimage.dll
0x00007ffd90b60000 - 0x00007ffd90d44000 	C:\WINDOWS\SYSTEM32\DBGHELP.DLL
0x00007ffd7eda0000 - 0x00007ffd7edd4000 	C:\WINDOWS\SYSTEM32\dbgcore.DLL
0x00007ffd93010000 - 0x00007ffd93092000 	C:\WINDOWS\System32\bcryptPrimitives.dll
0x00007ffd7c190000 - 0x00007ffd7c1af000 	C:\Program Files\Java\jdk-21\bin\java.dll

dbghelp: loaded successfully - version: 4.0.5 - missing functions: none
symbol engine: initialized successfully - sym options: 0x614 - pdb path: .;C:\Program Files\Java\jdk-21\bin;C:\WINDOWS\SYSTEM32;C:\WINDOWS\WinSxS\amd64_microsoft.windows.common-controls_6595b64144ccf1df_6.0.19041.3636_none_60b6a03d71f818d5;C:\Program Files\Java\jdk-21\bin\server

VM Arguments:
jvm_args: --enable-preview -XX:+ShowCodeDetailsInExceptionMessages 
java_command: Assignment.Assg4.FileSize
java_class_path (initial): C:\Users\Nasreen\project\JavaClassFeb24\App1\App\bin
Launcher Type: SUN_STANDARD

[Global flags]
     intx CICompilerCount                          = 4                                         {product} {ergonomic}
     uint ConcGCThreads                            = 2                                         {product} {ergonomic}
     uint G1ConcRefinementThreads                  = 8                                         {product} {ergonomic}
   size_t G1HeapRegionSize                         = 1048576                                   {product} {ergonomic}
    uintx GCDrainStackTargetSize                   = 64                                        {product} {ergonomic}
   size_t InitialHeapSize                          = 117440512                                 {product} {ergonomic}
   size_t MarkStackSize                            = 4194304                                   {product} {ergonomic}
   size_t MaxHeapSize                              = 1862270976                                {product} {ergonomic}
   size_t MinHeapDeltaBytes                        = 1048576                                   {product} {ergonomic}
   size_t MinHeapSize                              = 8388608                                   {product} {ergonomic}
    uintx NonNMethodCodeHeapSize                   = 5839372                                {pd product} {ergonomic}
    uintx NonProfiledCodeHeapSize                  = 122909434                              {pd product} {ergonomic}
    uintx ProfiledCodeHeapSize                     = 122909434                              {pd product} {ergonomic}
    uintx ReservedCodeCacheSize                    = 251658240                              {pd product} {ergonomic}
     bool SegmentedCodeCache                       = true                                      {product} {ergonomic}
     bool ShowCodeDetailsInExceptionMessages       = true                                   {manageable} {command line}
   size_t SoftMaxHeapSize                          = 1862270976                             {manageable} {ergonomic}
     bool UseCompressedOops                        = true                           {product lp64_product} {ergonomic}
     bool UseG1GC                                  = true                                      {product} {ergonomic}
     bool UseLargePagesIndividualAllocation        = false                                  {pd product} {ergonomic}

Logging:
Log output configuration:
 #0: stdout all=warning uptime,level,tags foldmultilines=false
 #1: stderr all=off uptime,level,tags foldmultilines=false

Environment Variables:
PATH=;C:\Program Files\Common Files\Oracle\Java\javapath;C:\Python312\Scripts\;C:\Python312\;D:\MOS\VMware\VMware Player\bin\;C:\Program Files (x86)\Common Files\Intel\Shared Libraries\redist\intel64\compiler;C:\WINDOWS\system32;C:\WINDOWS;C:\WINDOWS\System32\Wbem;C:\WINDOWS\System32\WindowsPowerShell\v1.0\;C:\WINDOWS\System32\OpenSSH\;C:\xampp\php;C:\Program Files\nodejs\;C:\ProgramData\chocolatey\bin;C:\Program Files\Git\cmd;C:\Users\Nasreen\AppData\Local\Microsoft\WindowsApps;C:\altera\13.0sp1\modelsim_ase\win32aloem;C:\Program Files\JetBrains\PyCharm Community Edition 2021.3.1\bin;;C:\Users\Nasreen\AppData\Local\Programs\Microsoft VS Code\bin;C:\Users\Nasreen\AppData\Roaming\npm
USERNAME=Nasreen
LANG=en_US.UTF-8
OS=Windows_NT
PROCESSOR_IDENTIFIER=AMD64 Family 23 Model 24 Stepping 1, AuthenticAMD
TMP=C:\Users\Nasreen\AppData\Local\Temp
TEMP=C:\Users\Nasreen\AppData\Local\Temp




Periodic native trim disabled

---------------  S Y S T E M  ---------------

OS:
 Windows 10 , 64 bit Build 19041 (10.0.19041.3636)
OS uptime: 29 days 17:10 hours

CPU: total 8 (initial active 8) (8 cores per cpu, 2 threads per core) family 23 model 24 stepping 1 microcode 0x0, cx8, cmov, fxsr, ht, mmx, 3dnowpref, sse, sse2, sse3, ssse3, sse4a, sse4.1, sse4.2, popcnt, lzcnt, tsc, tscinvbit, avx, avx2, aes, clmul, bmi1, bmi2, adx, sha, fma, vzeroupper, clflush, clflushopt, rdtscp, f16c
Processor Information for all 8 processors :
  Max Mhz: 2100, Current Mhz: 2100, Mhz Limit: 2100

Memory: 4k page, system-wide physical 7103M (815M free)
TotalPageFile size 17343M (AvailPageFile size 16M)
current process WorkingSet (physical memory assigned to process): 10M, peak: 10M
current process commit charge ("private bytes"): 60M, peak: 172M

vm_info: Java HotSpot(TM) 64-Bit Server VM (21.0.2+13-LTS-58) for windows-amd64 JRE (21.0.2+13-LTS-58), built on 2024-01-05T18:32:24Z by "mach5one" with MS VC++ 17.1 (VS2022)

END.
